  main.cpp
d:\profiles\njp2424\desktop\physics\level6\physics-aabb-line-3d-mastervs2019\aabb_line_3d\main.cpp(182): warning C4101: 'bottomT': unreferenced local variable
d:\profiles\njp2424\desktop\physics\level6\physics-aabb-line-3d-mastervs2019\aabb_line_3d\main.cpp(182): warning C4101: 'rightT': unreferenced local variable
d:\profiles\njp2424\desktop\physics\level6\physics-aabb-line-3d-mastervs2019\aabb_line_3d\main.cpp(182): warning C4101: 'leftT': unreferenced local variable
d:\profiles\njp2424\desktop\physics\level6\physics-aabb-line-3d-mastervs2019\aabb_line_3d\main.cpp(182): warning C4101: 'topT': unreferenced local variable
d:\profiles\njp2424\desktop\physics\level6\physics-aabb-line-3d-mastervs2019\aabb_line_3d\main.cpp(182): warning C4101: 'FrontT': unreferenced local variable
d:\profiles\njp2424\desktop\physics\level6\physics-aabb-line-3d-mastervs2019\aabb_line_3d\main.cpp(182): warning C4101: 'backT': unreferenced local variable
d:\profiles\njp2424\desktop\physics\level6\physics-aabb-line-3d-mastervs2019\aabb_line_3d\main.cpp(551): warning C4244: '=': conversion from 'double' to 'T', possible loss of data
          with
          [
              T=float
          ]
d:\profiles\njp2424\desktop\physics\level6\physics-aabb-line-3d-mastervs2019\aabb_line_3d\main.cpp(552): warning C4244: '=': conversion from 'double' to 'T', possible loss of data
          with
          [
              T=float
          ]
d:\profiles\njp2424\desktop\physics\level6\physics-aabb-line-3d-mastervs2019\aabb_line_3d\main.cpp(569): warning C4244: 'argument': conversion from 'double' to 'GLclampf', possible loss of data
d:\profiles\njp2424\desktop\physics\level6\physics-aabb-line-3d-mastervs2019\aabb_line_3d\main.cpp(638): warning C4326: return type of 'main' should be 'int' instead of 'void'
LINK : warning LNK4098: defaultlib 'MSVCRT' conflicts with use of other libs; use /NODEFAULTLIB:library
  AABB_Line_3D.vcxproj -> D:\Profiles\njp2424\Desktop\Physics\level6\physics-AABB-Line-3D-masterVS2019\AABB_Line_3D\Debug\AABB_Line_3D.exe
